Línea 29: la clase ComctlLib.Slider del control Slider1 no era una clase de control cargada.
Línea 57: la clase ComctlLib.Slider del control Slider1 no era una clase de control cargada.
Línea 85: la clase ComctlLib.Slider del control Slider1 no era una clase de control cargada.
Línea 113: la clase ComctlLib.Slider del control Slider1 no era una clase de control cargada.
Línea 141: la clase ComctlLib.Slider del control Slider1 no era una clase de control cargada.
Línea 169: la clase ComctlLib.Slider del control Slider1 no era una clase de control cargada.
Línea 197: la clase ComctlLib.Slider del control Slider1 no era una clase de control cargada.
Línea 225: la clase ComctlLib.Slider del control Slider1 no era una clase de control cargada.
Línea 253: la clase ComctlLib.Slider del control Slider1 no era una clase de control cargada.
Línea 281: la clase ComctlLib.Slider del control Slider1 no era una clase de control cargada.
Línea 309: la clase ComctlLib.Slider del control Slider1 no era una clase de control cargada.
Línea 337: la clase ComctlLib.Slider del control Slider1 no era una clase de control cargada.
Línea 365: la clase ComctlLib.Slider del control Slider1 no era una clase de control cargada.
Línea 393: la clase ComctlLib.Slider del control Slider1 no era una clase de control cargada.
Línea 421: la clase ComctlLib.Slider del control Slider1 no era una clase de control cargada.
Línea 449: la clase ComctlLib.Slider del control Slider1 no era una clase de control cargada.
Línea 465: la clase ComctlLib.Slider del control Slider2 no era una clase de control cargada.
Línea 36: el nombre de la propiedad _ExtentX de Slider1 no es válido.
Línea 37: el nombre de la propiedad _ExtentY de Slider1 no es válido.
Línea 38: el nombre de la propiedad _Version de Slider1 no es válido.
Línea 39: el nombre de la propiedad Orientation de Slider1 no es válido.
Línea 40: el nombre de la propiedad Max de Slider1 no es válido.
Línea 41: el nombre de la propiedad TickStyle de Slider1 no es válido.
Línea 42: el nombre de la propiedad TickFrequency de Slider1 no es válido.
Línea 64: el nombre de la propiedad _ExtentX de Slider1 no es válido.
Línea 65: el nombre de la propiedad _ExtentY de Slider1 no es válido.
Línea 66: el nombre de la propiedad _Version de Slider1 no es válido.
Línea 67: el nombre de la propiedad Orientation de Slider1 no es válido.
Línea 68: el nombre de la propiedad Max de Slider1 no es válido.
Línea 69: el nombre de la propiedad TickStyle de Slider1 no es válido.
Línea 70: el nombre de la propiedad TickFrequency de Slider1 no es válido.
Línea 92: el nombre de la propiedad _ExtentX de Slider1 no es válido.
Línea 93: el nombre de la propiedad _ExtentY de Slider1 no es válido.
Línea 94: el nombre de la propiedad _Version de Slider1 no es válido.
Línea 95: el nombre de la propiedad Orientation de Slider1 no es válido.
Línea 96: el nombre de la propiedad Max de Slider1 no es válido.
Línea 97: el nombre de la propiedad TickStyle de Slider1 no es válido.
Línea 98: el nombre de la propiedad TickFrequency de Slider1 no es válido.
Línea 120: el nombre de la propiedad _ExtentX de Slider1 no es válido.
Línea 121: el nombre de la propiedad _ExtentY de Slider1 no es válido.
Línea 122: el nombre de la propiedad _Version de Slider1 no es válido.
Línea 123: el nombre de la propiedad Orientation de Slider1 no es válido.
Línea 124: el nombre de la propiedad Max de Slider1 no es válido.
Línea 125: el nombre de la propiedad TickStyle de Slider1 no es válido.
Línea 126: el nombre de la propiedad TickFrequency de Slider1 no es válido.
Línea 148: el nombre de la propiedad _ExtentX de Slider1 no es válido.
Línea 149: el nombre de la propiedad _ExtentY de Slider1 no es válido.
Línea 150: el nombre de la propiedad _Version de Slider1 no es válido.
Línea 151: el nombre de la propiedad Orientation de Slider1 no es válido.
Línea 152: el nombre de la propiedad Max de Slider1 no es válido.
Línea 153: el nombre de la propiedad TickStyle de Slider1 no es válido.
Línea 154: el nombre de la propiedad TickFrequency de Slider1 no es válido.
Línea 176: el nombre de la propiedad _ExtentX de Slider1 no es válido.
Línea 177: el nombre de la propiedad _ExtentY de Slider1 no es válido.
Línea 178: el nombre de la propiedad _Version de Slider1 no es válido.
Línea 179: el nombre de la propiedad Orientation de Slider1 no es válido.
Línea 180: el nombre de la propiedad Max de Slider1 no es válido.
Línea 181: el nombre de la propiedad TickStyle de Slider1 no es válido.
Línea 182: el nombre de la propiedad TickFrequency de Slider1 no es válido.
Línea 204: el nombre de la propiedad _ExtentX de Slider1 no es válido.
Línea 205: el nombre de la propiedad _ExtentY de Slider1 no es válido.
Línea 206: el nombre de la propiedad _Version de Slider1 no es válido.
Línea 207: el nombre de la propiedad Orientation de Slider1 no es válido.
Línea 208: el nombre de la propiedad Max de Slider1 no es válido.
Línea 209: el nombre de la propiedad TickStyle de Slider1 no es válido.
Línea 210: el nombre de la propiedad TickFrequency de Slider1 no es válido.
Línea 232: el nombre de la propiedad _ExtentX de Slider1 no es válido.
Línea 233: el nombre de la propiedad _ExtentY de Slider1 no es válido.
Línea 234: el nombre de la propiedad _Version de Slider1 no es válido.
Línea 235: el nombre de la propiedad Orientation de Slider1 no es válido.
Línea 236: el nombre de la propiedad Max de Slider1 no es válido.
Línea 237: el nombre de la propiedad TickStyle de Slider1 no es válido.
Línea 238: el nombre de la propiedad TickFrequency de Slider1 no es válido.
Línea 260: el nombre de la propiedad _ExtentX de Slider1 no es válido.
Línea 261: el nombre de la propiedad _ExtentY de Slider1 no es válido.
Línea 262: el nombre de la propiedad _Version de Slider1 no es válido.
Línea 263: el nombre de la propiedad Orientation de Slider1 no es válido.
Línea 264: el nombre de la propiedad Max de Slider1 no es válido.
Línea 265: el nombre de la propiedad TickStyle de Slider1 no es válido.
Línea 266: el nombre de la propiedad TickFrequency de Slider1 no es válido.
Línea 288: el nombre de la propiedad _ExtentX de Slider1 no es válido.
Línea 289: el nombre de la propiedad _ExtentY de Slider1 no es válido.
Línea 290: el nombre de la propiedad _Version de Slider1 no es válido.
Línea 291: el nombre de la propiedad Orientation de Slider1 no es válido.
Línea 292: el nombre de la propiedad Max de Slider1 no es válido.
Línea 293: el nombre de la propiedad TickStyle de Slider1 no es válido.
Línea 294: el nombre de la propiedad TickFrequency de Slider1 no es válido.
Línea 316: el nombre de la propiedad _ExtentX de Slider1 no es válido.
Línea 317: el nombre de la propiedad _ExtentY de Slider1 no es válido.
Línea 318: el nombre de la propiedad _Version de Slider1 no es válido.
Línea 319: el nombre de la propiedad Orientation de Slider1 no es válido.
Línea 320: el nombre de la propiedad Max de Slider1 no es válido.
Línea 321: el nombre de la propiedad TickStyle de Slider1 no es válido.
Línea 322: el nombre de la propiedad TickFrequency de Slider1 no es válido.
Línea 344: el nombre de la propiedad _ExtentX de Slider1 no es válido.
Línea 345: el nombre de la propiedad _ExtentY de Slider1 no es válido.
Línea 346: el nombre de la propiedad _Version de Slider1 no es válido.
Línea 347: el nombre de la propiedad Orientation de Slider1 no es válido.
Línea 348: el nombre de la propiedad Max de Slider1 no es válido.
Línea 349: el nombre de la propiedad TickStyle de Slider1 no es válido.
Línea 350: el nombre de la propiedad TickFrequency de Slider1 no es válido.
Línea 372: el nombre de la propiedad _ExtentX de Slider1 no es válido.
Línea 373: el nombre de la propiedad _ExtentY de Slider1 no es válido.
Línea 374: el nombre de la propiedad _Version de Slider1 no es válido.
Línea 375: el nombre de la propiedad Orientation de Slider1 no es válido.
Línea 376: el nombre de la propiedad Max de Slider1 no es válido.
Línea 377: el nombre de la propiedad TickStyle de Slider1 no es válido.
Línea 378: el nombre de la propiedad TickFrequency de Slider1 no es válido.
Línea 400: el nombre de la propiedad _ExtentX de Slider1 no es válido.
Línea 401: el nombre de la propiedad _ExtentY de Slider1 no es válido.
Línea 402: el nombre de la propiedad _Version de Slider1 no es válido.
Línea 403: el nombre de la propiedad Orientation de Slider1 no es válido.
Línea 404: el nombre de la propiedad Max de Slider1 no es válido.
Línea 405: el nombre de la propiedad TickStyle de Slider1 no es válido.
Línea 406: el nombre de la propiedad TickFrequency de Slider1 no es válido.
Línea 428: el nombre de la propiedad _ExtentX de Slider1 no es válido.
Línea 429: el nombre de la propiedad _ExtentY de Slider1 no es válido.
Línea 430: el nombre de la propiedad _Version de Slider1 no es válido.
Línea 431: el nombre de la propiedad Orientation de Slider1 no es válido.
Línea 432: el nombre de la propiedad Max de Slider1 no es válido.
Línea 433: el nombre de la propiedad TickStyle de Slider1 no es válido.
Línea 434: el nombre de la propiedad TickFrequency de Slider1 no es válido.
Línea 456: el nombre de la propiedad _ExtentX de Slider1 no es válido.
Línea 457: el nombre de la propiedad _ExtentY de Slider1 no es válido.
Línea 458: el nombre de la propiedad _Version de Slider1 no es válido.
Línea 459: el nombre de la propiedad Orientation de Slider1 no es válido.
Línea 460: el nombre de la propiedad Max de Slider1 no es válido.
Línea 461: el nombre de la propiedad TickStyle de Slider1 no es válido.
Línea 462: el nombre de la propiedad TickFrequency de Slider1 no es válido.
Línea 471: el nombre de la propiedad _ExtentX de Slider2 no es válido.
Línea 472: el nombre de la propiedad _ExtentY de Slider2 no es válido.
Línea 473: el nombre de la propiedad _Version de Slider2 no es válido.
Línea 474: el nombre de la propiedad Min de Slider2 no es válido.
Línea 475: el nombre de la propiedad Max de Slider2 no es válido.
Línea 476: el nombre de la propiedad SelStart de Slider2 no es válido.
Línea 477: el nombre de la propiedad Value de Slider2 no es válido.
Línea 36: el nombre de la propiedad _ExtentX de Slider1 no es válido.
Línea 37: el nombre de la propiedad _ExtentY de Slider1 no es válido.
Línea 38: el nombre de la propiedad _Version de Slider1 no es válido.
Línea 39: el nombre de la propiedad Orientation de Slider1 no es válido.
Línea 40: el nombre de la propiedad Max de Slider1 no es válido.
Línea 41: el nombre de la propiedad TickStyle de Slider1 no es válido.
Línea 42: el nombre de la propiedad TickFrequency de Slider1 no es válido.
Línea 64: el nombre de la propiedad _ExtentX de Slider1 no es válido.
Línea 65: el nombre de la propiedad _ExtentY de Slider1 no es válido.
Línea 66: el nombre de la propiedad _Version de Slider1 no es válido.
Línea 67: el nombre de la propiedad Orientation de Slider1 no es válido.
Línea 68: el nombre de la propiedad Max de Slider1 no es válido.
Línea 69: el nombre de la propiedad TickStyle de Slider1 no es válido.
Línea 70: el nombre de la propiedad TickFrequency de Slider1 no es válido.
Línea 92: el nombre de la propiedad _ExtentX de Slider1 no es válido.
Línea 93: el nombre de la propiedad _ExtentY de Slider1 no es válido.
Línea 94: el nombre de la propiedad _Version de Slider1 no es válido.
Línea 95: el nombre de la propiedad Orientation de Slider1 no es válido.
Línea 96: el nombre de la propiedad Max de Slider1 no es válido.
Línea 97: el nombre de la propiedad TickStyle de Slider1 no es válido.
Línea 98: el nombre de la propiedad TickFrequency de Slider1 no es válido.
Línea 120: el nombre de la propiedad _ExtentX de Slider1 no es válido.
Línea 121: el nombre de la propiedad _ExtentY de Slider1 no es válido.
Línea 122: el nombre de la propiedad _Version de Slider1 no es válido.
Línea 123: el nombre de la propiedad Orientation de Slider1 no es válido.
Línea 124: el nombre de la propiedad Max de Slider1 no es válido.
Línea 125: el nombre de la propiedad TickStyle de Slider1 no es válido.
Línea 126: el nombre de la propiedad TickFrequency de Slider1 no es válido.
Línea 148: el nombre de la propiedad _ExtentX de Slider1 no es válido.
Línea 149: el nombre de la propiedad _ExtentY de Slider1 no es válido.
Línea 150: el nombre de la propiedad _Version de Slider1 no es válido.
Línea 151: el nombre de la propiedad Orientation de Slider1 no es válido.
Línea 152: el nombre de la propiedad Max de Slider1 no es válido.
Línea 153: el nombre de la propiedad TickStyle de Slider1 no es válido.
Línea 154: el nombre de la propiedad TickFrequency de Slider1 no es válido.
Línea 176: el nombre de la propiedad _ExtentX de Slider1 no es válido.
Línea 177: el nombre de la propiedad _ExtentY de Slider1 no es válido.
Línea 178: el nombre de la propiedad _Version de Slider1 no es válido.
Línea 179: el nombre de la propiedad Orientation de Slider1 no es válido.
Línea 180: el nombre de la propiedad Max de Slider1 no es válido.
Línea 181: el nombre de la propiedad TickStyle de Slider1 no es válido.
Línea 182: el nombre de la propiedad TickFrequency de Slider1 no es válido.
Línea 204: el nombre de la propiedad _ExtentX de Slider1 no es válido.
Línea 205: el nombre de la propiedad _ExtentY de Slider1 no es válido.
Línea 206: el nombre de la propiedad _Version de Slider1 no es válido.
Línea 207: el nombre de la propiedad Orientation de Slider1 no es válido.
Línea 208: el nombre de la propiedad Max de Slider1 no es válido.
Línea 209: el nombre de la propiedad TickStyle de Slider1 no es válido.
Línea 210: el nombre de la propiedad TickFrequency de Slider1 no es válido.
Línea 232: el nombre de la propiedad _ExtentX de Slider1 no es válido.
Línea 233: el nombre de la propiedad _ExtentY de Slider1 no es válido.
Línea 234: el nombre de la propiedad _Version de Slider1 no es válido.
Línea 235: el nombre de la propiedad Orientation de Slider1 no es válido.
Línea 236: el nombre de la propiedad Max de Slider1 no es válido.
Línea 237: el nombre de la propiedad TickStyle de Slider1 no es válido.
Línea 238: el nombre de la propiedad TickFrequency de Slider1 no es válido.
Línea 260: el nombre de la propiedad _ExtentX de Slider1 no es válido.
Línea 261: el nombre de la propiedad _ExtentY de Slider1 no es válido.
Línea 262: el nombre de la propiedad _Version de Slider1 no es válido.
Línea 263: el nombre de la propiedad Orientation de Slider1 no es válido.
Línea 264: el nombre de la propiedad Max de Slider1 no es válido.
Línea 265: el nombre de la propiedad TickStyle de Slider1 no es válido.
Línea 266: el nombre de la propiedad TickFrequency de Slider1 no es válido.
Línea 288: el nombre de la propiedad _ExtentX de Slider1 no es válido.
Línea 289: el nombre de la propiedad _ExtentY de Slider1 no es válido.
Línea 290: el nombre de la propiedad _Version de Slider1 no es válido.
Línea 291: el nombre de la propiedad Orientation de Slider1 no es válido.
Línea 292: el nombre de la propiedad Max de Slider1 no es válido.
Línea 293: el nombre de la propiedad TickStyle de Slider1 no es válido.
Línea 294: el nombre de la propiedad TickFrequency de Slider1 no es válido.
Línea 316: el nombre de la propiedad _ExtentX de Slider1 no es válido.
Línea 317: el nombre de la propiedad _ExtentY de Slider1 no es válido.
Línea 318: el nombre de la propiedad _Version de Slider1 no es válido.
Línea 319: el nombre de la propiedad Orientation de Slider1 no es válido.
Línea 320: el nombre de la propiedad Max de Slider1 no es válido.
Línea 321: el nombre de la propiedad TickStyle de Slider1 no es válido.
Línea 322: el nombre de la propiedad TickFrequency de Slider1 no es válido.
Línea 344: el nombre de la propiedad _ExtentX de Slider1 no es válido.
Línea 345: el nombre de la propiedad _ExtentY de Slider1 no es válido.
Línea 346: el nombre de la propiedad _Version de Slider1 no es válido.
Línea 347: el nombre de la propiedad Orientation de Slider1 no es válido.
Línea 348: el nombre de la propiedad Max de Slider1 no es válido.
Línea 349: el nombre de la propiedad TickStyle de Slider1 no es válido.
Línea 350: el nombre de la propiedad TickFrequency de Slider1 no es válido.
Línea 372: el nombre de la propiedad _ExtentX de Slider1 no es válido.
Línea 373: el nombre de la propiedad _ExtentY de Slider1 no es válido.
Línea 374: el nombre de la propiedad _Version de Slider1 no es válido.
Línea 375: el nombre de la propiedad Orientation de Slider1 no es válido.
Línea 376: el nombre de la propiedad Max de Slider1 no es válido.
Línea 377: el nombre de la propiedad TickStyle de Slider1 no es válido.
Línea 378: el nombre de la propiedad TickFrequency de Slider1 no es válido.
Línea 400: el nombre de la propiedad _ExtentX de Slider1 no es válido.
Línea 401: el nombre de la propiedad _ExtentY de Slider1 no es válido.
Línea 402: el nombre de la propiedad _Version de Slider1 no es válido.
Línea 403: el nombre de la propiedad Orientation de Slider1 no es válido.
Línea 404: el nombre de la propiedad Max de Slider1 no es válido.
Línea 405: el nombre de la propiedad TickStyle de Slider1 no es válido.
Línea 406: el nombre de la propiedad TickFrequency de Slider1 no es válido.
Línea 428: el nombre de la propiedad _ExtentX de Slider1 no es válido.
Línea 429: el nombre de la propiedad _ExtentY de Slider1 no es válido.
Línea 430: el nombre de la propiedad _Version de Slider1 no es válido.
Línea 431: el nombre de la propiedad Orientation de Slider1 no es válido.
Línea 432: el nombre de la propiedad Max de Slider1 no es válido.
Línea 433: el nombre de la propiedad TickStyle de Slider1 no es válido.
Línea 434: el nombre de la propiedad TickFrequency de Slider1 no es válido.
Línea 456: el nombre de la propiedad _ExtentX de Slider1 no es válido.
Línea 457: el nombre de la propiedad _ExtentY de Slider1 no es válido.
Línea 458: el nombre de la propiedad _Version de Slider1 no es válido.
Línea 459: el nombre de la propiedad Orientation de Slider1 no es válido.
Línea 460: el nombre de la propiedad Max de Slider1 no es válido.
Línea 461: el nombre de la propiedad TickStyle de Slider1 no es válido.
Línea 462: el nombre de la propiedad TickFrequency de Slider1 no es válido.
Línea 471: el nombre de la propiedad _ExtentX de Slider2 no es válido.
Línea 472: el nombre de la propiedad _ExtentY de Slider2 no es válido.
Línea 473: el nombre de la propiedad _Version de Slider2 no es válido.
Línea 474: el nombre de la propiedad Min de Slider2 no es válido.
Línea 475: el nombre de la propiedad Max de Slider2 no es válido.
Línea 476: el nombre de la propiedad SelStart de Slider2 no es válido.
Línea 477: el nombre de la propiedad Value de Slider2 no es válido.
